<?xml version="1.0" encoding="UTF-8"?>
<testng-results ignored="0" total="1" passed="1" failed="0" skipped="0">
  <reporter-output>
  </reporter-output>
  <suite started-at="2022-05-04T22:01:32 IST" name="Default suite" finished-at="2022-05-04T22:01:35 IST" duration-ms="3438">
    <groups>
    </groups>
    <test started-at="2022-05-04T22:01:32 IST" name="Default test" finished-at="2022-05-04T22:01:35 IST" duration-ms="3438">
      <class name="testScripts.API_TestCases_RegularWay_1">
        <test-method signature="test_GET_001()[pri:0, instance:testScripts.API_TestCases_RegularWay_1@662b4c69]" started-at="2022-05-04T22:01:32 IST" name="test_GET_001" finished-at="2022-05-04T22:01:35 IST" duration-ms="3373" status="PASS">
          <reporter-output>
          </reporter-output>
        </test-method> <!-- test_GET_001 -->
      </class> <!-- testScripts.API_TestCases_RegularWay_1 -->
    </test> <!-- Default test -->
  </suite> <!-- Default suite -->
</testng-results>
